{
  "RSpec": {
    "coverage": {
      "/myapp/config/environment.rb": {
        "lines": [
          null,
          1,
          null,
          null,
          1
        ]
      },
      "/myapp/config/application.rb": {
        "lines": [
          1,
          null,
          1,
          null,
          1,
          1,
          1,
          1,
          1,
          1,
          1,
          1,
          1,
          1,
          null,
          null,
          null,
          null,
          1,
          null,
          1,
          1,
          null,
          1,
          null,
          1,
          null,
          1,
          null,
          null,
          null,
          null,
          null,
          1,
          null,
          null,
          null,
          null,
          null,
          null,
          1,
          null,
          null,
          null,
          1,
          null,
          1,
          null,
          null,
          null
        ]
      },
      "/myapp/config/boot.rb": {
        "lines": [
          1,
          null,
          1,
          1
        ]
      },
      "/myapp/config/environments/test.rb": {
        "lines": [
          1,
          null,
          null,
          null,
          null,
          null,
          null,
          1,
          null,
          null,
          null,
          1,
          null,
          null,
          null,
          null,
          null,
          1,
          null,
          null,
          1,
          1,
          null,
          null,
          null,
          null,
          1,
          1,
          1,
          null,
          null,
          1,
          null,
          null,
          1,
          null,
          null,
          1,
          null,
          1,
          null,
          null,
          null,
          null,
          1,
          null,
          1,
          null,
          null,
          1,
          null,
          null,
          1,
          null,
          null,
          1,
          null,
          null,
          null,
          null,
          null,
          null,
          null,
          null,
          1,
          null,
          null,
          1,
          null,
          1,
          null,
          null
        ]
      },
      "/myapp/config/initializers/assets.rb": {
        "lines": [
          null,
          null,
          null,
          1,
          null,
          null,
          null,
          null,
          null,
          null,
          null,
          null
        ]
      },
      "/myapp/config/initializers/content_security_policy.rb": {
        "lines": [
          null,
          null,
          null,
          null,
          null,
          null,
          null,
          null,
          null,
          null,
          null,
          null,
          null,
          null,
          null,
          null,
          null,
          null,
          null,
          null,
          null,
          null,
          null,
          null,
          null
        ]
      },
      "/myapp/config/initializers/devise.rb": {
        "lines": [
          null,
          null,
          null,
          null,
          null,
          null,
          null,
          null,
          null,
          null,
          1,
          null,
          null,
          null,
          null,
          null,
          null,
          null,
          null,
          null,
          null,
          null,
          null,
          null,
          null,
          null,
          1,
          null,
          null,
          null,
          null,
          null,
          null,
          null,
          null,
          null,
          null,
          null,
          1,
          null,
          null,
          null,
          null,
          null,
          null,
          null,
          null,
          null,
          null,
          null,
          null,
          null,
          null,
          null,
          null,
          null,
          null,
          null,
          null,
          null,
          1,
          null,
          null,
          null,
          null,
          1,
          null,
          null,
          null,
          null,
          null,
          null,
          null,
          null,
          null,
          null,
          null,
          null,
          null,
          null,
          null,
          null,
          null,
          null,
          null,
          null,
          null,
          null,
          null,
          null,
          null,
          null,
          null,
          null,
          null,
          null,
          null,
          null,
          null,
          1,
          null,
          null,
          null,
          null,
          null,
          null,
          null,
          null,
          null,
          null,
          null,
          null,
          null,
          null,
          null,
          null,
          null,
          null,
          null,
          null,
          null,
          null,
          null,
          null,
          null,
          1,
          null,
          null,
          null,
          null,
          null,
          null,
          null,
          null,
          null,
          null,
          null,
          null,
          null,
          null,
          null,
          null,
          null,
          null,
          null,
          null,
          null,
          null,
          null,
          null,
          null,
          null,
          null,
          null,
          null,
          null,
          null,
          null,
          null,
          1,
          null,
          null,
          null,
          null,
          null,
          null,
          null,
          null,
          null,
          1,
          null,
          null,
          null,
          null,
          null,
          null,
          null,
          null,
          null,
          null,
          1,
          null,
          null,
          null,
          null,
          1,
          null,
          null,
          null,
          null,
          null,
          null,
          null,
          null,
          null,
          null,
          null,
          null,
          null,
          null,
          null,
          null,
          null,
          null,
          null,
          null,
          null,
          null,
          null,
          null,
          null,
          null,
          null,
          null,
          null,
          null,
          null,
          null,
          null,
          null,
          null,
          null,
          null,
          null,
          null,
          null,
          1,
          null,
          null,
          null,
          null,
          null,
          null,
          null,
          null,
          null,
          null,
          null,
          null,
          null,
          null,
          null,
          null,
          null,
          null,
          null,
          null,
          null,
          null,
          null,
          null,
          null,
          null,
          null,
          null,
          null,
          null,
          null,
          null,
          null,
          null,
          null,
          null,
          null,
          null,
          null,
          null,
          null,
          1,
          null,
          null,
          1,
          null,
          null,
          null,
          null,
          1,
          null,
          null,
          null,
          null,
          null,
          null,
          null,
          null,
          null,
          null,
          null,
          null,
          null,
          null,
          null,
          null,
          null,
          null,
          null,
          null,
          null,
          null,
          null,
          null,
          null,
          null,
          null,
          null,
          null,
          null,
          null,
          null,
          null,
          null,
          null,
          1,
          1,
          null,
          null,
          null,
          null,
          null,
          null,
          null
        ]
      },
      "/myapp/config/initializers/filter_parameter_logging.rb": {
        "lines": [
          null,
          null,
          null,
          null,
          null,
          1,
          null,
          null
        ]
      },
      "/myapp/config/initializers/inflections.rb": {
        "lines": [
          null,
          null,
          null,
          null,
          null,
          null,
          null,
          null,
          null,
          null,
          null,
          null,
          null,
          null,
          null,
          null
        ]
      },
      "/myapp/config/initializers/permissions_policy.rb": {
        "lines": [
          null,
          null,
          null,
          null,
          null,
          null,
          null,
          null,
          null,
          null,
          null,
          null,
          null
        ]
      },
      "/myapp/spec/factories/auth_providers.rb": {
        "lines": [
          null,
          1,
          1,
          null,
          1,
          4,
          4,
          6,
          6,
          null,
          null,
          1,
          5,
          null,
          null,
          null,
          null,
          null,
          null,
          null,
          null,
          null,
          null,
          1,
          1,
          4,
          4,
          6,
          6,
          null,
          null,
          1,
          5,
          null,
          null,
          null,
          null,
          null,
          null,
          null,
          null,
          null,
          null
        ]
      },
      "/myapp/spec/factories/members.rb": {
        "lines": [
          1,
          1,
          1,
          1,
          null,
          null
        ]
      },
      "/myapp/spec/factories/profile_fields.rb": {
        "lines": [
          1,
          1,
          54,
          1,
          1,
          8,
          null,
          1,
          8,
          null,
          null,
          null
        ]
      },
      "/myapp/spec/factories/profile_values.rb": {
        "lines": [
          1,
          1,
          199,
          1,
          1,
          1,
          67,
          null,
          1,
          217,
          null,
          null,
          null
        ]
      },
      "/myapp/spec/factories/teams.rb": {
        "lines": [
          1,
          1,
          37,
          37,
          37,
          null,
          null
        ]
      },
      "/myapp/spec/factories/users.rb": {
        "lines": [
          1,
          null,
          1,
          49,
          49,
          274,
          274,
          1,
          41,
          null,
          1,
          226,
          226,
          null,
          null,
          null
        ]
      },
      "/myapp/config/routes.rb": {
        "lines": [
          1,
          1,
          1,
          null,
          1,
          null,
          null,
          null,
          null,
          null,
          null,
          1,
          1,
          1,
          null,
          1,
          1,
          1,
          null,
          1,
          1,
          1,
          1,
          1,
          1,
          1,
          null,
          null,
          1,
          1,
          1,
          null,
          1,
          null,
          1,
          null
        ]
      },
      "/myapp/app/models/user.rb": {
        "lines": [
          1,
          1,
          null,
          1,
          null,
          1,
          null,
          1,
          null,
          1,
          null,
          1,
          null,
          null,
          null
        ]
      },
      "/myapp/app/models/application_record.rb": {
        "lines": [
          1,
          1,
          null
        ]
      },
      "/myapp/app/helpers/application_helper.rb": {
        "lines": [
          1,
          1,
          1,
          1,
          1,
          1,
          null
        ]
      },
      "/myapp/app/helpers/form_helper.rb": {
        "lines": [
          1,
          null,
          1,
          21,
          null,
          null
        ]
      },
      "/myapp/app/helpers/teams_helper.rb": {
        "lines": [
          1,
          1,
          8,
          null,
          null
        ]
      },
      "/myapp/app/helpers/teams/profile_fields_helper.rb": {
        "lines": [
          1,
          null,
          1,
          42,
          null,
          null,
          1,
          13,
          null,
          13,
          null,
          null,
          1,
          43,
          null,
          null
        ]
      },
      "/myapp/app/helpers/teams/members_helper.rb": {
        "lines": [
          1,
          1,
          null,
          95,
          95,
          null,
          null,
          1,
          4,
          null,
          null
        ]
      },
      "/myapp/app/helpers/users/admins_helper.rb": {
        "lines": [
          1,
          null,
          1,
          4,
          null,
          null,
          1,
          3,
          3,
          null,
          null
        ]
      },
      "/myapp/app/helpers/home_helper.rb": {
        "lines": [
          1,
          null
        ]
      },
      "/myapp/app/helpers/teams/invitations_helper.rb": {
        "lines": [
          1,
          null
        ]
      },
      "/myapp/app/helpers/teams/members/filters_helper.rb": {
        "lines": [
          1,
          null
        ]
      },
      "/myapp/app/helpers/users/admin_teams_helper.rb": {
        "lines": [
          1,
          null
        ]
      },
      "/myapp/app/helpers/users/admins/teams/invitations_helper.rb": {
        "lines": [
          1,
          null
        ]
      },
      "/myapp/app/helpers/users/members_helper.rb": {
        "lines": [
          1,
          null
        ]
      },
      "/myapp/app/helpers/users/members/profile_values_helper.rb": {
        "lines": [
          1,
          null
        ]
      },
      "/myapp/app/helpers/users/members/teams_helper.rb": {
        "lines": [
          1,
          null
        ]
      },
      "/myapp/spec/support/capybara.rb": {
        "lines": [
          1,
          1,
          43,
          43,
          43,
          43,
          null,
          null,
          1,
          0,
          0,
          0,
          0,
          null,
          null,
          null,
          null,
          1,
          0,
          0,
          0,
          0,
          0,
          0,
          0,
          null,
          0,
          0,
          null
        ]
      },
      "/myapp/spec/support/omniauth_mock.rb": {
        "lines": [
          null,
          null,
          1,
          1,
          null,
          1,
          1,
          null,
          null,
          null,
          null,
          null,
          null,
          null,
          null,
          null,
          1,
          1,
          null,
          null,
          null,
          null,
          null,
          null,
          null,
          null,
          null
        ]
      },
      "/myapp/spec/support/test_helpers.rb": {
        "lines": [
          1,
          1,
          null,
          5,
          5,
          5,
          35,
          null,
          5,
          null,
          5,
          150,
          null,
          5,
          5,
          150,
          null,
          null,
          5,
          5,
          150,
          150,
          150,
          null,
          450,
          null,
          null,
          null,
          null,
          1,
          0,
          0,
          0,
          0,
          null,
          null
        ]
      },
      "/myapp/spec/helpers/teams/invitations_helper_spec.rb": {
        "lines": [
          1,
          null,
          null,
          null,
          null,
          null,
          null,
          null,
          null,
          null,
          null,
          null,
          1,
          1,
          null
        ]
      },
      "/myapp/spec/helpers/teams/members/filters_helper_spec.rb": {
        "lines": [
          1,
          null,
          null,
          null,
          null,
          null,
          null,
          null,
          null,
          null,
          null,
          null,
          1,
          1,
          null
        ]
      },
      "/myapp/spec/helpers/teams/members_helper_spec.rb": {
        "lines": [
          1,
          null,
          null,
          null,
          null,
          null,
          null,
          null,
          null,
          null,
          null,
          null,
          1,
          1,
          null
        ]
      },
      "/myapp/spec/helpers/teams/profile_fields_helper_spec.rb": {
        "lines": [
          1,
          null,
          null,
          null,
          null,
          null,
          null,
          null,
          null,
          null,
          null,
          null,
          1,
          1,
          null
        ]
      },
      "/myapp/spec/helpers/teams_helper_spec.rb": {
        "lines": [
          1,
          null,
          null,
          null,
          null,
          null,
          null,
          null,
          null,
          null,
          null,
          null,
          1,
          1,
          null
        ]
      },
      "/myapp/spec/helpers/users/admin_teams_helper_spec.rb": {
        "lines": [
          1,
          null,
          null,
          null,
          null,
          null,
          null,
          null,
          null,
          null,
          null,
          null,
          1,
          1,
          null
        ]
      },
      "/myapp/spec/helpers/users/admins/teams/invitations_helper_spec.rb": {
        "lines": [
          1,
          null,
          null,
          null,
          null,
          null,
          null,
          null,
          null,
          null,
          null,
          null,
          1,
          1,
          null
        ]
      },
      "/myapp/spec/helpers/users/admins_helper_spec.rb": {
        "lines": [
          1,
          null,
          null,
          null,
          null,
          null,
          null,
          null,
          null,
          null,
          null,
          null,
          1,
          1,
          null
        ]
      },
      "/myapp/spec/helpers/users/members/profile_values_helper_spec.rb": {
        "lines": [
          1,
          null,
          null,
          null,
          null,
          null,
          null,
          null,
          null,
          null,
          null,
          null,
          1,
          1,
          null
        ]
      },
      "/myapp/spec/helpers/users/members/teams_helper_spec.rb": {
        "lines": [
          1,
          null,
          null,
          null,
          null,
          null,
          null,
          null,
          null,
          null,
          null,
          null,
          1,
          1,
          null
        ]
      },
      "/myapp/spec/helpers/users/members_helper_spec.rb": {
        "lines": [
          1,
          null,
          null,
          null,
          null,
          null,
          null,
          null,
          null,
          null,
          null,
          null,
          1,
          1,
          null
        ]
      },
      "/myapp/spec/models/auth_provider_spec.rb": {
        "lines": [
          1,
          null,
          1,
          1,
          4,
          2,
          null,
          1,
          1,
          1,
          null,
          null,
          1,
          1,
          1,
          null,
          null,
          null,
          1,
          1,
          1,
          1,
          1,
          1,
          1,
          null,
          null,
          null,
          1,
          1,
          1,
          null,
          null,
          1,
          1,
          1,
          1,
          null,
          null,
          null,
          null,
          1,
          4,
          2,
          null,
          1,
          1,
          1,
          null,
          null,
          1,
          1,
          1,
          null,
          null,
          null,
          1,
          1,
          1,
          1,
          1,
          1,
          1,
          null,
          null,
          null,
          1,
          1,
          1,
          null,
          null,
          1,
          1,
          1,
          1,
          null,
          null,
          null,
          null
        ]
      },
      "/myapp/app/models/auth_provider.rb": {
        "lines": [
          1,
          1,
          null,
          1,
          8,
          8,
          null,
          8,
          8,
          null,
          null,
          8,
          0,
          null,
          0,
          null,
          8,
          null,
          8,
          null,
          2,
          null,
          null,
          null,
          null,
          null,
          6,
          null,
          null,
          null,
          8,
          null,
          null,
          1,
          6,
          null,
          null,
          null,
          null,
          null,
          null,
          null,
          6,
          6,
          null,
          null,
          1,
          6,
          6,
          null,
          null,
          null,
          null,
          6,
          null,
          null
        ]
      },
      "/myapp/spec/models/member_spec.rb": {
        "lines": [
          1,
          null,
          1,
          1,
          null
        ]
      },
      "/myapp/app/models/member.rb": {
        "lines": [
          1,
          1,
          1,
          1,
          null,
          1,
          null,
          1,
          10,
          null,
          null,
          null,
          1,
          41,
          null,
          null,
          1,
          3,
          23,
          null,
          null,
          null,
          1,
          2,
          null,
          null,
          null,
          1,
          2,
          null,
          0,
          0,
          null,
          null,
          null,
          1,
          1,
          null,
          null,
          1,
          6,
          null,
          null,
          1,
          1,
          null,
          null
        ]
      },
      "/myapp/spec/models/team_spec.rb": {
        "lines": [
          1,
          null,
          1,
          3,
          1,
          1,
          null,
          1,
          10,
          null,
          1,
          null,
          1,
          10,
          null,
          null,
          1,
          1,
          1,
          null,
          1,
          1,
          1,
          10,
          null,
          null,
          null,
          1,
          2,
          1,
          1,
          null,
          1,
          1,
          null,
          null,
          null
        ]
      },
      "/myapp/app/models/team.rb": {
        "lines": [
          1,
          null,
          1,
          null,
          1,
          null,
          1,
          null,
          1,
          null,
          1,
          null,
          1,
          null,
          1,
          null,
          1,
          null,
          1,
          null,
          null,
          1,
          7,
          null,
          7,
          7,
          null,
          7,
          7,
          null,
          0,
          null,
          null,
          null,
          null,
          1,
          2,
          null,
          null,
          1,
          7,
          7,
          7,
          7,
          null,
          null,
          1,
          7,
          null,
          0,
          null,
          null,
          1,
          5,
          null,
          null,
          1,
          2,
          null,
          null,
          1,
          1,
          null,
          null
        ]
      },
      "/myapp/spec/models/user_spec.rb": {
        "lines": [
          1,
          null,
          1,
          4,
          4,
          1,
          1,
          2,
          null,
          1,
          1,
          1,
          null,
          1,
          1,
          null,
          null,
          1,
          1,
          1,
          null,
          1,
          1,
          1,
          null,
          null,
          null
        ]
      },
      "/myapp/spec/requests/home_spec.rb": {
        "lines": [
          1,
          null,
          1,
          1,
          1,
          1,
          1,
          null,
          null,
          null
        ]
      },
      "/myapp/spec/requests/sessions_spec.rb": {
        "lines": [
          1,
          null,
          1,
          1,
          2,
          1,
          2,
          null,
          null,
          1,
          1,
          1,
          null,
          null,
          null,
          null,
          null,
          1,
          1,
          null,
          null,
          null,
          1,
          1,
          1,
          null,
          null,
          null,
          null,
          null,
          1,
          null,
          null,
          null,
          null,
          1,
          2,
          1,
          1,
          null,
          1,
          1,
          1,
          null,
          null,
          null
        ]
      },
      "/myapp/spec/requests/teams/invitations_spec.rb": {
        "lines": [
          1,
          null,
          1,
          6,
          6,
          6,
          1,
          5,
          5,
          5,
          5,
          5,
          5,
          null,
          1,
          1,
          1,
          1,
          1,
          1,
          1,
          null,
          null,
          null,
          1,
          1,
          1,
          1,
          1,
          1,
          1,
          null,
          null,
          null,
          null,
          null,
          1,
          1,
          1,
          1,
          null,
          null,
          null,
          1,
          1,
          1,
          1,
          1,
          1,
          null,
          null,
          null,
          null,
          null,
          null,
          null,
          1,
          null,
          1,
          1,
          null,
          null,
          1,
          1,
          null,
          1,
          1,
          1,
          1,
          null,
          null,
          null,
          1,
          1,
          1,
          1,
          1,
          1,
          1,
          null,
          null,
          null,
          1,
          1,
          1,
          1,
          1,
          1,
          null,
          null,
          null
        ]
      },
      "/myapp/spec/requests/teams/members/filters_spec.rb": {
        "lines": [
          1,
          null,
          1,
          1,
          1,
          null,
          null
        ]
      },
      "/myapp/spec/requests/teams/members_spec.rb": {
        "lines": [
          1,
          null,
          1,
          1,
          1,
          null,
          null
        ]
      },
      "/myapp/spec/requests/teams/profiles_spec.rb": {
        "lines": [
          1,
          null,
          1,
          1,
          1,
          null,
          null
        ]
      },
      "/myapp/spec/requests/teams_spec.rb": {
        "lines": [
          1,
          null,
          1,
          1,
          1,
          null,
          null
        ]
      },
      "/myapp/spec/requests/users/admins/teams/invitations_spec.rb": {
        "lines": [
          1,
          null,
          1,
          4,
          4,
          4,
          2,
          null,
          1,
          3,
          null,
          null,
          1,
          1,
          null,
          1,
          1,
          null,
          1,
          1,
          1,
          null,
          null,
          1,
          1,
          1,
          1,
          1,
          null,
          1,
          1,
          1,
          1,
          null,
          null,
          null,
          1,
          1,
          1,
          1,
          1,
          null,
          null,
          1,
          1,
          1,
          1,
          1,
          null,
          null,
          null,
          null
        ]
      },
      "/myapp/spec/requests/users/admins_spec.rb": {
        "lines": [
          1,
          null,
          1,
          1,
          1,
          null,
          null
        ]
      },
      "/myapp/spec/services/filter_members_service_spec.rb": {
        "lines": [
          1,
          1,
          1,
          1,
          2,
          2,
          2,
          2,
          1,
          1,
          null,
          1,
          1,
          1,
          null,
          1,
          1,
          1,
          1,
          1,
          null,
          1,
          null,
          1,
          1,
          1,
          1,
          null,
          1,
          1,
          1,
          1,
          null,
          1,
          1,
          1,
          1,
          1,
          null,
          1,
          1,
          1,
          1,
          null,
          null,
          null,
          null
        ]
      },
      "/myapp/spec/system/admin_role_transfers_spec.rb": {
        "lines": [
          1,
          null,
          1,
          4,
          4,
          1,
          3,
          null,
          3,
          3,
          3,
          null,
          3,
          null,
          3,
          3,
          3,
          9,
          null,
          null,
          3,
          null,
          3,
          3,
          3,
          null,
          1,
          3,
          3,
          3,
          3,
          null,
          1,
          1,
          1,
          1,
          null,
          1,
          1,
          null,
          1,
          1,
          null,
          1,
          1,
          null,
          1,
          1,
          1,
          1,
          1,
          1,
          1,
          1,
          null,
          1,
          1,
          null,
          1,
          1,
          4,
          1,
          1,
          1,
          1,
          null,
          null,
          null
        ]
      },
      "/myapp/spec/system/authentication_and_authorizations_spec.rb": {
        "lines": [
          1,
          null,
          1,
          8,
          1,
          1,
          1,
          1,
          1,
          null,
          1,
          1,
          1,
          1,
          null,
          1,
          1,
          1,
          1,
          null,
          1,
          1,
          1,
          1,
          null,
          1,
          1,
          1,
          1,
          null,
          1,
          1,
          1,
          1,
          null,
          null,
          null,
          7,
          6,
          3,
          1,
          1,
          2,
          null,
          1,
          1,
          1,
          1,
          null,
          1,
          1,
          1,
          1,
          null,
          null,
          null,
          1,
          1,
          1,
          1,
          null,
          1,
          1,
          1,
          1,
          null,
          null,
          null,
          1,
          1,
          3,
          3,
          null,
          1,
          1,
          1,
          1,
          null,
          1,
          1,
          1,
          1,
          null,
          1,
          1,
          1,
          1,
          null,
          null,
          null
        ]
      },
      "/myapp/spec/system/confirmations_spec.rb": {
        "lines": [
          1,
          null,
          1,
          1,
          2,
          null,
          null,
          1,
          3,
          2,
          1,
          null,
          1,
          1,
          1,
          null,
          1,
          1,
          1,
          null,
          null,
          1,
          1,
          1,
          1,
          1,
          null,
          null,
          null
        ]
      },
      "/myapp/spec/system/filter_members_spec.rb": {
        "lines": [
          1,
          null,
          1,
          2,
          2,
          1,
          1,
          null,
          1,
          1,
          1,
          null,
          1,
          null,
          1,
          1,
          1,
          3,
          null,
          null,
          1,
          1,
          1,
          null,
          1,
          1,
          1,
          1,
          1,
          null,
          1,
          1,
          1,
          null,
          null,
          0,
          0,
          0,
          0,
          0,
          0,
          0,
          null,
          null,
          null,
          null,
          0,
          0,
          0,
          0,
          0,
          null,
          0,
          0,
          null,
          null,
          0,
          0,
          0,
          0,
          0,
          null,
          null,
          null,
          null,
          0,
          0,
          0,
          0,
          0,
          0,
          0,
          0,
          0,
          null,
          null,
          null,
          null,
          null
        ]
      },
      "/myapp/spec/system/generate_team_invitation_links_spec.rb": {
        "lines": [
          1,
          null,
          1,
          4,
          4,
          1,
          3,
          3,
          3,
          null,
          1,
          1,
          2,
          null,
          null,
          1,
          1,
          1,
          null,
          1,
          1,
          2,
          null,
          null,
          null,
          1,
          1,
          1,
          null,
          1,
          1,
          4,
          null,
          null,
          null,
          null
        ]
      },
      "/myapp/spec/system/member_profiles_spec.rb": {
        "lines": [
          1,
          null,
          1,
          4,
          4,
          1,
          1,
          3,
          27,
          null,
          3,
          3,
          3,
          3,
          null,
          3,
          3,
          3,
          null,
          1,
          3,
          null,
          1,
          1,
          1,
          1,
          1,
          null,
          1,
          9,
          null,
          null,
          1,
          1,
          9,
          null,
          4,
          null,
          1,
          1,
          null,
          1,
          null,
          1,
          4,
          1,
          1,
          1,
          null,
          1,
          1,
          null,
          null,
          null
        ]
      },
      "/myapp/spec/system/members_spec.rb": {
        "lines": [
          1,
          null,
          1,
          4,
          4,
          null,
          1,
          3,
          3,
          3,
          3,
          null,
          3,
          3,
          null,
          null,
          1,
          1,
          1,
          1,
          1,
          1,
          1,
          null,
          null,
          null,
          1,
          1,
          4,
          1,
          1,
          1,
          null,
          null,
          null,
          1,
          1,
          1,
          5,
          null,
          null,
          1,
          1,
          null,
          1,
          1,
          null,
          1,
          5,
          null,
          1,
          1,
          null,
          1,
          1,
          1,
          null,
          1,
          1,
          4,
          1,
          null,
          null,
          null
        ]
      },
      "/myapp/spec/system/omniauth_signins_spec.rb": {
        "lines": [
          1,
          null,
          1,
          1,
          1,
          1,
          1,
          null,
          1,
          1,
          1,
          null,
          2,
          null,
          1,
          1,
          1,
          1,
          1,
          null,
          1,
          1,
          null,
          null,
          null,
          1,
          1,
          1,
          1,
          null,
          1,
          1,
          1,
          null,
          2,
          null,
          1,
          1,
          1,
          1,
          1,
          1,
          1,
          null,
          null,
          null
        ]
      },
      "/myapp/spec/system/registrations_spec.rb": {
        "lines": [
          1,
          null,
          1,
          1,
          1,
          2,
          2,
          2,
          2,
          2,
          2,
          2,
          null,
          null,
          1,
          1,
          1,
          4,
          1,
          1,
          1,
          1,
          1,
          null,
          null,
          1,
          1,
          1,
          null,
          null,
          null,
          1,
          1,
          1,
          1,
          1,
          1,
          1,
          1,
          1,
          null,
          1,
          1,
          1,
          1,
          1,
          null,
          null,
          null
        ]
      },
      "/myapp/spec/system/sessions_spec.rb": {
        "lines": [
          1,
          null,
          1,
          3,
          1,
          1,
          2,
          2,
          2,
          2,
          2,
          null,
          1,
          1,
          null,
          1,
          1,
          null,
          1,
          1,
          1,
          null,
          null,
          null
        ]
      },
      "/myapp/spec/system/team_members_viewings_spec.rb": {
        "lines": [
          1,
          null,
          1,
          1,
          3,
          3,
          1,
          null,
          2,
          2,
          2,
          14,
          null,
          2,
          null,
          2,
          null,
          2,
          2,
          2,
          6,
          null,
          null,
          2,
          2,
          null,
          2,
          60,
          null,
          2,
          2,
          60,
          null,
          null,
          2,
          2,
          60,
          60,
          60,
          180,
          null,
          null,
          null,
          1,
          2,
          2,
          2,
          2,
          null,
          1,
          1,
          1,
          null,
          null,
          1,
          1,
          1,
          null,
          1,
          1,
          10,
          null,
          null,
          1,
          1,
          null,
          1,
          1,
          null,
          1,
          null,
          1,
          9,
          null,
          null,
          null,
          null
        ]
      },
      "/myapp/spec/system/team_profiles_spec.rb": {
        "lines": [
          1,
          null,
          1,
          5,
          1,
          4,
          4,
          4,
          4,
          null,
          4,
          4,
          4,
          null,
          1,
          1,
          1,
          null,
          1,
          1,
          null,
          1,
          1,
          1,
          1,
          null,
          1,
          null,
          1,
          null,
          1,
          1,
          1,
          1,
          null,
          null,
          1,
          1,
          1,
          1,
          1,
          1,
          null,
          1,
          1,
          null,
          null,
          1,
          1,
          1,
          1,
          1,
          1,
          null,
          2,
          null,
          1,
          1,
          1,
          1,
          null,
          null,
          1,
          1,
          1,
          1,
          2,
          1,
          1,
          null,
          null,
          1,
          1,
          1,
          1,
          1,
          7,
          null,
          null,
          1,
          null,
          null,
          1,
          1,
          2,
          1,
          null,
          null,
          null
        ]
      },
      "/myapp/spec/system/teams_spec.rb": {
        "lines": [
          1,
          null,
          1,
          1,
          4,
          1,
          1,
          3,
          3,
          3,
          3,
          null,
          3,
          3,
          3,
          null,
          1,
          1,
          1,
          4,
          1,
          null,
          1,
          1,
          1,
          1,
          null,
          1,
          1,
          1,
          null,
          null,
          null
        ]
      },
      "/myapp/spec/system/users/admin_teams_spec.rb": {
        "lines": [
          1,
          null,
          1,
          1,
          1,
          null,
          null
        ]
      },
      "/myapp/spec/system/users/members/profiles_spec.rb": {
        "lines": [
          1,
          null,
          1,
          1,
          1,
          null,
          null
        ]
      },
      "/myapp/spec/system/users/members/teams_spec.rb": {
        "lines": [
          1,
          null,
          1,
          1,
          1,
          null,
          null
        ]
      },
      "/myapp/spec/system/users/members_spec.rb": {
        "lines": [
          1,
          null,
          1,
          1,
          1,
          null,
          null
        ]
      },
      "/myapp/spec/views/home/index.html.tailwindcss_spec.rb": {
        "lines": [
          1,
          null,
          1,
          1,
          null
        ]
      },
      "/myapp/app/models/profile_value.rb": {
        "lines": [
          1,
          1,
          1,
          1,
          null,
          1,
          null,
          3,
          null,
          null,
          null,
          null,
          1,
          0,
          0,
          0,
          0,
          null,
          null,
          null,
          null,
          1,
          0,
          0,
          0,
          null,
          null,
          null
        ]
      },
      "/myapp/app/models/admin.rb": {
        "lines": [
          1,
          1,
          1,
          null,
          null,
          1,
          24,
          null,
          null,
          1,
          0,
          null,
          null,
          1,
          33,
          33,
          null,
          null
        ]
      },
      "/myapp/app/controllers/home_controller.rb": {
        "lines": [
          1,
          1,
          1,
          null,
          null
        ]
      },
      "/myapp/app/controllers/application_controller.rb": {
        "lines": [
          1,
          1,
          1,
          1,
          null,
          1,
          null,
          1,
          173,
          null,
          null,
          1,
          166,
          null,
          null
        ]
      },
      "/myapp/app/callbacks/ensure_member_profile_exists.rb": {
        "lines": [
          1,
          null,
          null,
          null,
          null,
          1,
          173,
          173,
          null,
          null,
          1,
          173,
          173,
          6,
          null,
          1,
          1,
          null,
          null,
          1,
          6,
          null,
          null
        ]
      },
      "/myapp/app/callbacks/ensure_team_profile_exists.rb": {
        "lines": [
          1,
          1,
          166,
          166,
          null,
          null,
          1,
          166,
          166,
          2,
          null,
          1,
          1,
          null,
          null
        ]
      },
      "/myapp/app/controllers/users/sessions_controller.rb": {
        "lines": [
          null,
          null,
          1,
          1,
          null,
          null,
          null,
          null,
          null,
          null,
          null,
          null,
          1,
          5,
          4,
          4,
          4,
          4,
          null,
          null,
          null,
          null,
          null,
          null,
          null,
          1,
          null,
          null,
          null,
          1,
          4,
          1,
          1,
          null,
          3,
          null,
          null,
          null,
          null,
          null,
          null,
          null,
          null
        ]
      },
      "/myapp/app/models/team_invitation.rb": {
        "lines": [
          1,
          1,
          null,
          1,
          13,
          null,
          13,
          2,
          null,
          11,
          11,
          null,
          null,
          11,
          null,
          11,
          11,
          null,
          null,
          null,
          1,
          11,
          null,
          null,
          null,
          1,
          2,
          null,
          null,
          null,
          1,
          11,
          null,
          null,
          1,
          6,
          null,
          6,
          6,
          6,
          null,
          null
        ]
      },
      "/myapp/app/controllers/users/admins/teams/invitations_controller.rb": {
        "lines": [
          1,
          15,
          null,
          1,
          13,
          null,
          null,
          13,
          13,
          null,
          11,
          null,
          null,
          2,
          null,
          13,
          null,
          null
        ]
      },
      "/myapp/app/callbacks/authenticate_admin.rb": {
        "lines": [
          1,
          1,
          33,
          null,
          null,
          1,
          33,
          33,
          33,
          null,
          null,
          1,
          33,
          33,
          null,
          3,
          3,
          null,
          null
        ]
      },
      "/myapp/app/controllers/teams/invitations_controller.rb": {
        "lines": [
          1,
          1,
          null,
          1,
          7,
          7,
          null,
          7,
          7,
          null,
          1,
          1,
          null,
          1,
          1,
          null,
          0,
          0,
          null,
          3,
          3,
          3,
          null,
          2,
          2,
          2,
          null,
          null,
          null,
          1,
          null,
          1,
          2,
          null,
          null
        ]
      },
      "/myapp/app/services/team_invitation_processor_service.rb": {
        "lines": [
          1,
          1,
          7,
          null,
          null,
          1,
          7,
          7,
          7,
          null,
          null,
          1,
          7,
          6,
          null,
          5,
          3,
          null,
          3,
          3,
          null,
          null,
          1,
          7,
          null,
          7,
          null,
          null
        ]
      },
      "/myapp/app/controllers/users/registrations_controller.rb": {
        "lines": [
          null,
          null,
          1,
          1,
          1,
          1,
          null,
          null,
          null,
          null,
          null,
          null,
          null,
          null,
          null,
          null,
          null,
          null,
          null,
          null,
          null,
          null,
          null,
          null,
          null,
          null,
          null,
          null,
          null,
          null,
          null,
          null,
          null,
          null,
          null,
          null,
          1,
          null,
          null,
          1,
          0,
          null,
          null,
          null,
          1,
          7,
          null,
          null,
          null,
          1,
          7,
          null,
          null,
          null,
          null,
          null,
          null,
          null,
          null,
          null,
          null,
          null,
          null
        ]
      },
      "/myapp/app/controllers/users/confirmations_controller.rb": {
        "lines": [
          null,
          null,
          1,
          1,
          null,
          null,
          null,
          null,
          null,
          null,
          null,
          null,
          null,
          null,
          null,
          null,
          1,
          3,
          3,
          3,
          null,
          3,
          3,
          6,
          null,
          null,
          0,
          null,
          null,
          null,
          null,
          null,
          null,
          null,
          null,
          null,
          null,
          null,
          1,
          3,
          1,
          1,
          null,
          2,
          null,
          null,
          null
        ]
      },
      "/myapp/app/models/profile_field.rb": {
        "lines": [
          1,
          1,
          1,
          1,
          null,
          null,
          1,
          4,
          null,
          null,
          1,
          0,
          0,
          0,
          0,
          null,
          null,
          null,
          1,
          0,
          null,
          null,
          1,
          12,
          12,
          null,
          7,
          7,
          null,
          null
        ]
      },
      "/myapp/app/services/filter_members_service.rb": {
        "lines": [
          1,
          1,
          0,
          null,
          null,
          1,
          4,
          null,
          null,
          1,
          16,
          4,
          4,
          null,
          null,
          1,
          null,
          null,
          null,
          null,
          1,
          4,
          4,
          null,
          4,
          2,
          2,
          2,
          2,
          null,
          2,
          4,
          4,
          4,
          4,
          null,
          null,
          4,
          null,
          null,
          1,
          null,
          4,
          null,
          null,
          4,
          null,
          6,
          6,
          null,
          null,
          6,
          null,
          null,
          6,
          null,
          null,
          6,
          6,
          null,
          2,
          4,
          null,
          null,
          2,
          null,
          null,
          2,
          2,
          null,
          null,
          2,
          null,
          null,
          null,
          4,
          null,
          null,
          null,
          null,
          null,
          null,
          4,
          null,
          null,
          1,
          6,
          null,
          6,
          6,
          0,
          null,
          6,
          null,
          null,
          null
        ]
      },
      "/myapp/app/controllers/teams/members_controller.rb": {
        "lines": [
          1,
          1,
          null,
          1,
          10,
          null,
          10,
          10,
          null,
          null,
          1,
          4,
          4,
          null,
          null,
          1,
          null,
          1,
          16,
          16,
          null,
          2,
          2,
          null,
          null
        ]
      },
      "/myapp/app/services/return_profile_attribute_pairs_service.rb": {
        "lines": [
          null,
          null,
          null,
          null,
          null,
          1,
          1,
          0,
          null,
          null,
          1,
          98,
          98,
          98,
          null,
          null,
          1,
          null,
          98,
          null,
          3,
          3,
          null,
          3,
          null,
          null,
          null,
          95,
          null,
          null,
          95,
          95,
          95,
          null,
          null,
          1,
          null,
          1,
          null,
          3,
          3,
          3,
          23,
          null,
          3,
          null,
          null,
          1,
          null,
          95,
          95,
          null,
          null
        ]
      },
      "/myapp/app/controllers/users/admins_controller.rb": {
        "lines": [
          1,
          1,
          1,
          1,
          1,
          1,
          1,
          null,
          null,
          null,
          0,
          null,
          1,
          null,
          null
        ]
      },
      "/myapp/app/controllers/users/admins/teams_controller.rb": {
        "lines": [
          1,
          1,
          null,
          1,
          5,
          null,
          null,
          1,
          null,
          null,
          null,
          1,
          5,
          null,
          5,
          1,
          null,
          1,
          null,
          1,
          null,
          null,
          null,
          null,
          1,
          5,
          5,
          null,
          0,
          0,
          null,
          0,
          0,
          null,
          null
        ]
      },
      "/myapp/app/controllers/users/members/teams_controller.rb": {
        "lines": [
          1,
          1,
          2,
          null,
          null
        ]
      },
      "/myapp/app/controllers/teams_controller.rb": {
        "lines": [
          1,
          2,
          null,
          1,
          7,
          null,
          null,
          1,
          0,
          null,
          null,
          1,
          7,
          7,
          7,
          null,
          null,
          7,
          7,
          null,
          0,
          null,
          null,
          null,
          1,
          0,
          0,
          null,
          0,
          0,
          0,
          0,
          null,
          0,
          null,
          null,
          null,
          1,
          0,
          0,
          0,
          null,
          0,
          null,
          0,
          null,
          null,
          1,
          null,
          1,
          7,
          null,
          null
        ]
      },
      "/myapp/app/controllers/users/members_controller.rb": {
        "lines": [
          1,
          null,
          1,
          null,
          null,
          null,
          1,
          7,
          null,
          7,
          null,
          6,
          null,
          null,
          6,
          null,
          6,
          6,
          null,
          0,
          0,
          null,
          null,
          null,
          null,
          1,
          0,
          0,
          0,
          0,
          0,
          null,
          0,
          null,
          null,
          null,
          1,
          null,
          1,
          1,
          1,
          null,
          null
        ]
      },
      "/myapp/app/controllers/users/members/profile_values_controller.rb": {
        "lines": [
          1,
          1,
          1,
          null,
          1,
          7,
          7,
          7,
          7,
          null,
          null,
          1,
          0,
          0,
          0,
          null,
          0,
          null,
          0,
          null,
          null,
          null,
          1,
          3,
          null,
          3,
          3,
          null,
          null,
          3,
          3,
          3,
          null,
          3,
          2,
          2,
          2,
          2,
          null,
          2,
          null,
          null,
          null,
          1,
          1,
          1,
          null,
          null,
          null,
          null,
          1,
          null,
          0,
          0,
          0,
          0,
          null,
          0,
          null,
          null,
          null,
          0,
          0,
          null,
          null,
          0,
          null,
          0,
          0,
          0,
          null,
          null,
          1,
          null,
          1,
          6,
          null,
          null,
          null,
          1,
          0,
          null,
          null,
          1,
          0,
          null,
          null,
          1,
          null,
          0,
          null,
          null,
          1,
          0,
          0,
          null,
          null,
          null,
          1,
          2,
          2,
          14,
          null,
          null,
          null,
          1,
          1,
          1,
          9,
          null,
          null,
          null,
          1,
          1,
          null,
          1,
          null,
          1,
          1,
          null,
          null
        ]
      },
      "/myapp/app/controllers/teams/profile_fields_controller.rb": {
        "lines": [
          1,
          1,
          1,
          19,
          null,
          null,
          null,
          1,
          0,
          0,
          null,
          null,
          1,
          12,
          12,
          null,
          null,
          1,
          0,
          null,
          null,
          1,
          4,
          4,
          null,
          null,
          4,
          1,
          1,
          null,
          3,
          3,
          null,
          1,
          null,
          null,
          null,
          1,
          0,
          0,
          0,
          0,
          null,
          0,
          0,
          null,
          null,
          null,
          1,
          1,
          1,
          1,
          null,
          null,
          1,
          null,
          1,
          3,
          null,
          null,
          null,
          1,
          12,
          12,
          null,
          null
        ]
      },
      "/myapp/app/controllers/users/omniauth_callbacks_controller.rb": {
        "lines": [
          null,
          null,
          1,
          1,
          1,
          null,
          null,
          null,
          null,
          null,
          null,
          null,
          null,
          null,
          null,
          null,
          null,
          null,
          null,
          null,
          null,
          null,
          null,
          null,
          null,
          null,
          null,
          null,
          null,
          null,
          null,
          null,
          1,
          1,
          null,
          null,
          1,
          1,
          null,
          null,
          1,
          null,
          1,
          2,
          2,
          2,
          null,
          2,
          0,
          0,
          0,
          null,
          2,
          2,
          null,
          null,
          0,
          0,
          null,
          null,
          null
        ]
      }
    },
    "timestamp": 1726503310
  }
}
